# JRE version: OpenJDK Runtime Environment Corretto-17.0.13.11.1 (17.0.13+11) (build 17.0.13+11-LTS)
# Java VM: OpenJDK 64-Bit Server VM Corretto-17.0.13.11.1 (17.0.13+11-LTS, mixed mode, sharing, tiered, compressed oops, compressed class ptrs, g1 gc, linux-amd64)
GC Precious Log:
 CPUs: 4 total, 4 available
 Memory: 5847M
 Large Page Support: Disabled
 NUMA Support: Disabled
 Compressed Oops: Enabled (32-bit)
 Heap Region Size: 1M
 Heap Min Capacity: 256M
 Heap Initial Capacity: 256M
 Heap Max Capacity: 512M
 Pre-touch: Disabled
 Parallel Workers: 4
 Concurrent Workers: 1
 Concurrent Refinement Workers: 4
 Periodic GC: Disabled
Heap:
 garbage-first heap   total 367616K, used 267677K [0x00000000e0000000, 0x0000000100000000)
  region size 1024K, 158 young (161792K), 1 survivors (1024K)
 Metaspace       used 88349K, committed 89152K, reserved 458752K
  class space    used 11354K, committed 11712K, reserved 327680K
GC Heap History (20 events):
Event: 13151,865 GC heap before
{Heap before GC invocations=60 (full 0):
 garbage-first heap   total 367616K, used 296233K [0x00000000e0000000, 0x0000000100000000)
  region size 1024K, 207 young (211968K), 2 survivors (2048K)
 Metaspace       used 84164K, committed 85632K, reserved 458752K
  class space    used 10885K, committed 11520K, reserved 327680K
}
Event: 13151,885 GC heap after
{Heap after GC invocations=61 (full 0):
 garbage-first heap   total 367616K, used 100826K [0x00000000e0000000, 0x0000000100000000)
  region size 1024K, 16 young (16384K), 16 survivors (16384K)
 Metaspace       used 84164K, committed 85632K, reserved 458752K
  class space    used 10885K, committed 11520K, reserved 327680K
}
Event: 14511,915 GC heap before
{Heap before GC invocations=62 (full 0):
 garbage-first heap   total 367616K, used 297434K [0x00000000e0000000, 0x0000000100000000)
  region size 1024K, 206 young (210944K), 16 survivors (16384K)
 Metaspace       used 85945K, committed 86784K, reserved 458752K
  class space    used 11093K, committed 11520K, reserved 327680K
}
Event: 14511,960 GC heap after
{Heap after GC invocations=63 (full 0):
 garbage-first heap   total 367616K, used 95784K [0x00000000e0000000, 0x0000000100000000)
  region size 1024K, 6 young (6144K), 6 survivors (6144K)
 Metaspace       used 85945K, committed 86784K, reserved 458752K
  class space    used 11093K, committed 11520K, reserved 327680K
}
Event: 15025,268 GC heap before
{Heap before GC invocations=63 (full 0):
 garbage-first heap   total 367616K, used 106024K [0x00000000e0000000, 0x0000000100000000)
  region size 1024K, 17 young (17408K), 6 survivors (6144K)
 Metaspace       used 85946K, committed 86784K, reserved 458752K
  class space    used 11093K, committed 11520K, reserved 327680K
}
Event: 15025,281 GC heap after
{Heap after GC invocations=64 (full 0):
 garbage-first heap   total 367616K, used 89008K [0x00000000e0000000, 0x0000000100000000)
  region size 1024K, 1 young (1024K), 1 survivors (1024K)
 Metaspace       used 85946K, committed 86784K, reserved 458752K
  class space    used 11093K, committed 11520K, reserved 327680K
}
Event: 16612,331 GC heap before
{Heap before GC invocations=64 (full 0):
 garbage-first heap   total 367616K, used 297904K [0x00000000e0000000, 0x0000000100000000)
  region size 1024K, 206 young (210944K), 1 survivors (1024K)
 Metaspace       used 86113K, committed 86976K, reserved 458752K
  class space    used 11113K, committed 11520K, reserved 327680K
}
Event: 16612,357 GC heap after
{Heap after GC invocations=65 (full 0):
 garbage-first heap   total 367616K, used 99248K [0x00000000e0000000, 0x0000000100000000)
  region size 1024K, 11 young (11264K), 11 survivors (11264K)
 Metaspace       used 86113K, committed 86976K, reserved 458752K
  class space    used 11113K, committed 11520K, reserved 327680K
}
Event: 16652,001 GC heap before
{Heap before GC invocations=66 (full 0):
 garbage-first heap   total 367616K, used 303024K [0x00000000e0000000, 0x0000000100000000)
  region size 1024K, 204 young (208896K), 11 survivors (11264K)
 Metaspace       used 86210K, committed 87040K, reserved 458752K
  class space    used 11092K, committed 11520K, reserved 327680K
}
Event: 16652,015 GC heap after
{Heap after GC invocations=67 (full 0):
 garbage-first heap   total 367616K, used 96701K [0x00000000e0000000, 0x0000000100000000)
  region size 1024K, 9 young (9216K), 9 survivors (9216K)
 Metaspace       used 86210K, committed 87040K, reserved 458752K
  class space    used 11092K, committed 11520K, reserved 327680K
}
Event: 16652,064 GC heap before
{Heap before GC invocations=67 (full 0):
 garbage-first heap   total 367616K, used 103869K [0x00000000e0000000, 0x0000000100000000)
  region size 1024K, 17 young (17408K), 9 survivors (9216K)
 Metaspace       used 86217K, committed 87104K, reserved 458752K
  class space    used 11094K, committed 11520K, reserved 327680K
}
Event: 16652,071 GC heap after
{Heap after GC invocations=68 (full 0):
 garbage-first heap   total 367616K, used 88128K [0x00000000e0000000, 0x0000000100000000)
  region size 1024K, 2 young (2048K), 2 survivors (2048K)
 Metaspace       used 86217K, committed 87104K, reserved 458752K
  class space    used 11094K, committed 11520K, reserved 327680K
}
Event: 16652,676 GC heap before
{Heap before GC invocations=68 (full 0):
 garbage-first heap   total 367616K, used 252992K [0x00000000e0000000, 0x0000000100000000)
  region size 1024K, 164 young (167936K), 2 survivors (2048K)
 Metaspace       used 86292K, committed 87168K, reserved 458752K
  class space    used 11098K, committed 11520K, reserved 327680K
}
Event: 16652,687 GC heap after
{Heap after GC invocations=69 (full 0):
 garbage-first heap   total 367616K, used 95538K [0x00000000e0000000, 0x0000000100000000)
  region size 1024K, 9 young (9216K), 9 survivors (9216K)
 Metaspace       used 86292K, committed 87168K, reserved 458752K
  class space    used 11098K, committed 11520K, reserved 327680K
}
Event: 16653,499 GC heap before
{Heap before GC invocations=70 (full 0):
 garbage-first heap   total 367616K, used 295218K [0x00000000e0000000, 0x0000000100000000)
  region size 1024K, 204 young (208896K), 9 survivors (9216K)
 Metaspace       used 86478K, committed 87360K, reserved 458752K
  class space    used 11111K, committed 11520K, reserved 327680K
}
Event: 16653,511 GC heap after
{Heap after GC invocations=71 (full 0):
 garbage-first heap   total 367616K, used 98728K [0x00000000e0000000, 0x0000000100000000)
  region size 1024K, 14 young (14336K), 14 survivors (14336K)
 Metaspace       used 86478K, committed 87360K, reserved 458752K
  class space    used 11111K, committed 11520K, reserved 327680K
}
Event: 16653,520 GC heap before
{Heap before GC invocations=71 (full 0):
 garbage-first heap   total 367616K, used 101800K [0x00000000e0000000, 0x0000000100000000)
  region size 1024K, 17 young (17408K), 14 survivors (14336K)
 Metaspace       used 86479K, committed 87360K, reserved 458752K
  class space    used 11112K, committed 11520K, reserved 327680K
}
Event: 16653,545 GC heap after
{Heap after GC invocations=72 (full 0):
 garbage-first heap   total 367616K, used 89219K [0x00000000e0000000, 0x0000000100000000)
  region size 1024K, 2 young (2048K), 2 survivors (2048K)
 Metaspace       used 86479K, committed 87360K, reserved 458752K
  class space    used 11112K, committed 11520K, reserved 327680K
}
Event: 16653,550 GC heap before
{Heap before GC invocations=72 (full 0):
 garbage-first heap   total 367616K, used 91267K [0x00000000e0000000, 0x0000000100000000)
  region size 1024K, 5 young (5120K), 2 survivors (2048K)
 Metaspace       used 86479K, committed 87360K, reserved 458752K
  class space    used 11112K, committed 11520K, reserved 327680K
}
Event: 16653,552 GC heap after
{Heap after GC invocations=73 (full 0):
 garbage-first heap   total 367616K, used 87453K [0x00000000e0000000, 0x0000000100000000)
  region size 1024K, 1 young (1024K), 1 survivors (1024K)
 Metaspace       used 86479K, committed 87360K, reserved 458752K
  class space    used 11112K, committed 11520K, reserved 327680K
}

