# JRE version: OpenJDK Runtime Environment Corretto-17.0.13.11.1 (17.0.13+11) (build 17.0.13+11-LTS)
# Java VM: OpenJDK 64-Bit Server VM Corretto-17.0.13.11.1 (17.0.13+11-LTS, mixed mode, sharing, tiered, compressed oops, compressed class ptrs, g1 gc, linux-amd64)
GC Precious Log:
 CPUs: 32 total, 4 available
 Memory: 5847M
 Large Page Support: Disabled
 NUMA Support: Disabled
 Compressed Oops: Enabled (32-bit)
 Heap Region Size: 1M
 Heap Min Capacity: 256M
 Heap Initial Capacity: 256M
 Heap Max Capacity: 512M
 Pre-touch: Disabled
 Parallel Workers: 4
 Concurrent Workers: 1
 Concurrent Refinement Workers: 4
 Periodic GC: Disabled
Heap:
 garbage-first heap   total 467968K, used 329760K [0x00000000e0000000, 0x0000000100000000)
  region size 1024K, 162 young (165888K), 16 survivors (16384K)
 Metaspace       used 100328K, committed 101248K, reserved 458752K
  class space    used 13456K, committed 13888K, reserved 327680K
GC Heap History (20 events):
Event: 54,280 GC heap before
{Heap before GC invocations=67 (full 0):
 garbage-first heap   total 467968K, used 398143K [0x00000000e0000000, 0x0000000100000000)
  region size 1024K, 233 young (238592K), 2 survivors (2048K)
 Metaspace       used 90246K, committed 91072K, reserved 458752K
  class space    used 12179K, committed 12544K, reserved 327680K
}
Event: 54,283 GC heap after
{Heap after GC invocations=68 (full 0):
 garbage-first heap   total 467968K, used 161247K [0x00000000e0000000, 0x0000000100000000)
  region size 1024K, 1 young (1024K), 1 survivors (1024K)
 Metaspace       used 90246K, committed 91072K, reserved 458752K
  class space    used 12179K, committed 12544K, reserved 327680K
}
Event: 54,796 GC heap before
{Heap before GC invocations=68 (full 0):
 garbage-first heap   total 467968K, used 319967K [0x00000000e0000000, 0x0000000100000000)
  region size 1024K, 157 young (160768K), 1 survivors (1024K)
 Metaspace       used 92326K, committed 93312K, reserved 458752K
  class space    used 12469K, committed 12928K, reserved 327680K
}
Event: 54,804 GC heap after
{Heap after GC invocations=69 (full 0):
 garbage-first heap   total 467968K, used 162533K [0x00000000e0000000, 0x0000000100000000)
  region size 1024K, 3 young (3072K), 3 survivors (3072K)
 Metaspace       used 92326K, committed 93312K, reserved 458752K
  class space    used 12469K, committed 12928K, reserved 327680K
}
Event: 56,203 GC heap before
{Heap before GC invocations=70 (full 0):
 garbage-first heap   total 467968K, used 404197K [0x00000000e0000000, 0x0000000100000000)
  region size 1024K, 239 young (244736K), 3 survivors (3072K)
 Metaspace       used 100301K, committed 101248K, reserved 458752K
  class space    used 13455K, committed 13888K, reserved 327680K
}
Event: 56,217 GC heap after
{Heap after GC invocations=71 (full 0):
 garbage-first heap   total 467968K, used 175229K [0x00000000e0000000, 0x0000000100000000)
  region size 1024K, 15 young (15360K), 15 survivors (15360K)
 Metaspace       used 100301K, committed 101248K, reserved 458752K
  class space    used 13455K, committed 13888K, reserved 327680K
}
Event: 56,241 GC heap before
{Heap before GC invocations=71 (full 0):
 garbage-first heap   total 467968K, used 181373K [0x00000000e0000000, 0x0000000100000000)
  region size 1024K, 22 young (22528K), 15 survivors (15360K)
 Metaspace       used 100301K, committed 101248K, reserved 458752K
  class space    used 13455K, committed 13888K, reserved 327680K
}
Event: 56,253 GC heap after
{Heap after GC invocations=72 (full 0):
 garbage-first heap   total 467968K, used 164370K [0x00000000e0000000, 0x0000000100000000)
  region size 1024K, 2 young (2048K), 2 survivors (2048K)
 Metaspace       used 100301K, committed 101248K, reserved 458752K
  class space    used 13455K, committed 13888K, reserved 327680K
}
Event: 57,050 GC heap before
{Heap before GC invocations=72 (full 0):
 garbage-first heap   total 467968K, used 395794K [0x00000000e0000000, 0x0000000100000000)
  region size 1024K, 228 young (233472K), 2 survivors (2048K)
 Metaspace       used 100310K, committed 101248K, reserved 458752K
  class space    used 13455K, committed 13888K, reserved 327680K
}
Event: 57,061 GC heap after
{Heap after GC invocations=73 (full 0):
 garbage-first heap   total 467968K, used 169255K [0x00000000e0000000, 0x0000000100000000)
  region size 1024K, 7 young (7168K), 7 survivors (7168K)
 Metaspace       used 100310K, committed 101248K, reserved 458752K
  class space    used 13455K, committed 13888K, reserved 327680K
}
Event: 57,682 GC heap before
{Heap before GC invocations=73 (full 0):
 garbage-first heap   total 467968K, used 396583K [0x00000000e0000000, 0x0000000100000000)
  region size 1024K, 229 young (234496K), 7 survivors (7168K)
 Metaspace       used 100311K, committed 101248K, reserved 458752K
  class space    used 13455K, committed 13888K, reserved 327680K
}
Event: 57,691 GC heap after
{Heap after GC invocations=74 (full 0):
 garbage-first heap   total 467968K, used 173103K [0x00000000e0000000, 0x0000000100000000)
  region size 1024K, 10 young (10240K), 10 survivors (10240K)
 Metaspace       used 100311K, committed 101248K, reserved 458752K
  class space    used 13455K, committed 13888K, reserved 327680K
}
Event: 58,127 GC heap before
{Heap before GC invocations=74 (full 0):
 garbage-first heap   total 467968K, used 399407K [0x00000000e0000000, 0x0000000100000000)
  region size 1024K, 232 young (237568K), 10 survivors (10240K)
 Metaspace       used 100312K, committed 101248K, reserved 458752K
  class space    used 13455K, committed 13888K, reserved 327680K
}
Event: 58,138 GC heap after
{Heap after GC invocations=75 (full 0):
 garbage-first heap   total 467968K, used 175151K [0x00000000e0000000, 0x0000000100000000)
  region size 1024K, 12 young (12288K), 12 survivors (12288K)
 Metaspace       used 100312K, committed 101248K, reserved 458752K
  class space    used 13455K, committed 13888K, reserved 327680K
}
Event: 58,749 GC heap before
{Heap before GC invocations=75 (full 0):
 garbage-first heap   total 467968K, used 400431K [0x00000000e0000000, 0x0000000100000000)
  region size 1024K, 232 young (237568K), 12 survivors (12288K)
 Metaspace       used 100314K, committed 101248K, reserved 458752K
  class space    used 13456K, committed 13888K, reserved 327680K
}
Event: 58,768 GC heap after
{Heap after GC invocations=76 (full 0):
 garbage-first heap   total 467968K, used 178223K [0x00000000e0000000, 0x0000000100000000)
  region size 1024K, 15 young (15360K), 15 survivors (15360K)
 Metaspace       used 100314K, committed 101248K, reserved 458752K
  class space    used 13456K, committed 13888K, reserved 327680K
}
Event: 59,354 GC heap before
{Heap before GC invocations=76 (full 0):
 garbage-first heap   total 467968K, used 401455K [0x00000000e0000000, 0x0000000100000000)
  region size 1024K, 233 young (238592K), 15 survivors (15360K)
 Metaspace       used 100328K, committed 101248K, reserved 458752K
  class space    used 13456K, committed 13888K, reserved 327680K
}
Event: 59,377 GC heap after
{Heap after GC invocations=77 (full 0):
 garbage-first heap   total 467968K, used 179759K [0x00000000e0000000, 0x0000000100000000)
  region size 1024K, 17 young (17408K), 17 survivors (17408K)
 Metaspace       used 100328K, committed 101248K, reserved 458752K
  class space    used 13456K, committed 13888K, reserved 327680K
}
Event: 59,822 GC heap before
{Heap before GC invocations=77 (full 0):
 garbage-first heap   total 467968K, used 399919K [0x00000000e0000000, 0x0000000100000000)
  region size 1024K, 234 young (239616K), 17 survivors (17408K)
 Metaspace       used 100328K, committed 101248K, reserved 458752K
  class space    used 13456K, committed 13888K, reserved 327680K
}
Event: 59,842 GC heap after
{Heap after GC invocations=78 (full 0):
 garbage-first heap   total 467968K, used 182304K [0x00000000e0000000, 0x0000000100000000)
  region size 1024K, 16 young (16384K), 16 survivors (16384K)
 Metaspace       used 100328K, committed 101248K, reserved 458752K
  class space    used 13456K, committed 13888K, reserved 327680K
}

